Started DELETE "/users/sign_out" for ::1 at 2021-10-13 12:58:25 +0300
Processing by Devise::SessionsController#destroy as HTML
  Parameters: {"authenticity_token"=>"k91JiTuk7HTCxP53lbus4bGFVZFsBwNZR9kUjaSHnNglDwx5MGRph5m0iH72k68mOQL0RD28oZJUsfv8R9s97Q=="}
  [1m[36mUser Load (1.9ms)[0m  [1m[34mSELECT  "users".* FROM "users" WHERE "users"."id" = $1 ORDER BY "users"."id" ASC LIMIT $2[0m  [["id", 3], ["LIMIT", 1]]
  [1m[35m (0.8ms)[0m  [1m[35mBEGIN[0m
  [1m[35m (0.6ms)[0m  [1m[35mCOMMIT[0m
Redirected to http://localhost:3000/
Completed 302 Found in 14ms (ActiveRecord: 3.3ms)


Started GET "/" for ::1 at 2021-10-13 12:58:25 +0300
Processing by VisitorsController#index as HTML
Completed 401 Unauthorized in 2ms (ActiveRecord: 0.0ms)


Started GET "/users/sign_in" for ::1 at 2021-10-13 12:58:25 +0300
Processing by Devise::SessionsController#new as HTML
  Rendering devise/sessions/new.html.erb within layouts/application
  Rendered devise/shared/_error_messages.html.erb (0.9ms)
  Rendered devise/sessions/_form.html.erb (16.3ms)
  Rendered devise/shared/_links.html.erb (2.5ms)
  Rendered devise/sessions/new.html.erb within layouts/application (60.5ms)
  Rendered layouts/_messages.html.erb (0.7ms)
Completed 200 OK in 268ms (Views: 244.5ms | ActiveRecord: 0.0ms)


Started GET "/" for ::1 at 2021-10-13 13:23:48 +0300
Processing by VisitorsController#index as HTML
Completed 401 Unauthorized in 28ms (ActiveRecord: 0.0ms)


Started GET "/users/sign_in" for ::1 at 2021-10-13 13:23:48 +0300
Processing by Devise::SessionsController#new as HTML
  Rendering devise/sessions/new.html.erb within layouts/application
  Rendered devise/shared/_error_messages.html.erb (3.1ms)
  Rendered devise/sessions/_form.html.erb (68.5ms)
  Rendered devise/shared/_links.html.erb (7.5ms)
  Rendered devise/sessions/new.html.erb within layouts/application (124.7ms)
  Rendered layouts/_messages.html.erb (5.8ms)
Completed 200 OK in 562ms (Views: 528.3ms | ActiveRecord: 0.0ms)


Started POST "/users/sign_in" for ::1 at 2021-10-13 13:23:56 +0300
Processing by Devise::SessionsController#create as HTML
  Parameters: {"utf8"=>"✓", "authenticity_token"=>"0D2eoGvQMiarVeeVW1aMMKrOsHlRvyrHvjoQt1IPGoUmg48UiSv86Jj+WLfoJZMq/ufbuwqui73okbECjz59EA==", "user"=>{"email"=>"panaet80@mail.ru", "password"=>"[FILTERED]", "remember_me"=>"0"}, "commit"=>"Войти"}
  [1m[36mUser Load (2.4ms)[0m  [1m[34mSELECT  "users".* FROM "users" WHERE "users"."email" = $1 ORDER BY "users"."id" ASC LIMIT $2[0m  [["email", "panaet80@mail.ru"], ["LIMIT", 1]]
Redirected to http://localhost:3000/
Completed 302 Found in 399ms (ActiveRecord: 4.0ms)


Started GET "/" for ::1 at 2021-10-13 13:23:56 +0300
Processing by VisitorsController#index as HTML
  [1m[36mUser Load (1.5ms)[0m  [1m[34mSELECT  "users".* FROM "users" WHERE "users"."id" = $1 ORDER BY "users"."id" ASC LIMIT $2[0m  [["id", 3], ["LIMIT", 1]]
  Rendering visitors/index.html.erb within layouts/application
  Rendered visitors/index.html.erb within layouts/application (2.0ms)
  Rendered layouts/_navigation_links.html.erb (3.3ms)
  Rendered layouts/_nav_links_for_auth.html.erb (2.9ms)
  Rendered layouts/_navigation.html.erb (19.7ms)
  Rendered layouts/_messages.html.erb (4.4ms)
Completed 200 OK in 225ms (Views: 178.1ms | ActiveRecord: 1.5ms)


Started GET "/users" for ::1 at 2021-10-13 13:23:58 +0300
Processing by UsersController#index as HTML
  [1m[36mUser Load (3.0ms)[0m  [1m[34mSELECT  "users".* FROM "users" WHERE "users"."id" = $1 ORDER BY "users"."id" ASC LIMIT $2[0m  [["id", 3], ["LIMIT", 1]]
  Rendering users/index.html.erb within layouts/application
  [1m[35m (13.2ms)[0m  [1m[34mSELECT COUNT(*) FROM "users"[0m
  [1m[36mUser Load (0.7ms)[0m  [1m[34mSELECT  "users".* FROM "users" ORDER BY "users"."id" ASC LIMIT $1 OFFSET $2[0m  [["LIMIT", 30], ["OFFSET", 0]]
  [1m[36mRole Load (4.7ms)[0m  [1m[34mSELECT  "roles".* FROM "roles" WHERE "roles"."id" = $1 LIMIT $2[0m  [["id", 2], ["LIMIT", 1]]
  [1m[36mCACHE Role Load (0.0ms)[0m  [1m[34mSELECT  "roles".* FROM "roles" WHERE "roles"."id" = $1 LIMIT $2[0m  [["id", 2], ["LIMIT", 1]]
  Rendered users/_user.html.erb (116.2ms)
  Rendered users/index.html.erb within layouts/application (156.7ms)
  Rendered layouts/_navigation_links.html.erb (1.4ms)
  Rendered layouts/_nav_links_for_auth.html.erb (4.2ms)
  Rendered layouts/_navigation.html.erb (14.8ms)
  Rendered layouts/_messages.html.erb (3.9ms)
Completed 200 OK in 429ms (Views: 345.3ms | ActiveRecord: 46.6ms)


  [1m[35m (0.3ms)[0m  [1m[35mBEGIN[0m
  [1m[36mRole Load (1.0ms)[0m  [1m[34mSELECT  "roles".* FROM "roles" WHERE "roles"."id" = $1 LIMIT $2[0m  [["id", 1], ["LIMIT", 1]]
  [1m[36mUser Exists (8.5ms)[0m  [1m[34mSELECT  1 AS one FROM "users" WHERE "users"."email" = $1 LIMIT $2[0m  [["email", "test@mail.ru"], ["LIMIT", 1]]
  [1m[36mUser Create (24.6ms)[0m  [1m[32mINSERT INTO "users" ("email", "encrypted_password", "created_at", "updated_at", "name", "role_id") VALUES ($1, $2, $3, $4, $5, $6) RETURNING "id"[0m  [["email", "test@mail.ru"], ["encrypted_password", "$2a$12$iRMp8ExDH83.9SFBiqPuLu3NgI3ezxAjC7Z3P9F.N2qfqVg8uGVsK"], ["created_at", "2021-10-13 10:24:30.727912"], ["updated_at", "2021-10-13 10:24:30.727912"], ["name", ""], ["role_id", 1]]
  [1m[35m (7.3ms)[0m  [1m[35mCOMMIT[0m
Started GET "/users" for ::1 at 2021-10-13 13:25:05 +0300
  [1m[35m (2.6ms)[0m  [1m[34mSELECT "schema_migrations"."version" FROM "schema_migrations" ORDER BY "schema_migrations"."version" ASC[0m
Processing by UsersController#index as HTML
  [1m[36mUser Load (1.4ms)[0m  [1m[34mSELECT  "users".* FROM "users" WHERE "users"."id" = $1 ORDER BY "users"."id" ASC LIMIT $2[0m  [["id", 3], ["LIMIT", 1]]
  Rendering users/index.html.erb within layouts/application
  [1m[35m (0.9ms)[0m  [1m[34mSELECT COUNT(*) FROM "users"[0m
  [1m[36mUser Load (0.6ms)[0m  [1m[34mSELECT  "users".* FROM "users" ORDER BY "users"."id" ASC LIMIT $1 OFFSET $2[0m  [["LIMIT", 30], ["OFFSET", 0]]
  [1m[36mRole Load (0.7ms)[0m  [1m[34mSELECT  "roles".* FROM "roles" WHERE "roles"."id" = $1 LIMIT $2[0m  [["id", 2], ["LIMIT", 1]]
  [1m[36mCACHE Role Load (0.1ms)[0m  [1m[34mSELECT  "roles".* FROM "roles" WHERE "roles"."id" = $1 LIMIT $2[0m  [["id", 2], ["LIMIT", 1]]
  Rendered users/_user.html.erb (76.9ms)
  [1m[36mRole Load (0.5ms)[0m  [1m[34mSELECT  "roles".* FROM "roles" WHERE "roles"."id" = $1 LIMIT $2[0m  [["id", 1], ["LIMIT", 1]]
  Rendered users/_user.html.erb (5.0ms)
  Rendered users/index.html.erb within layouts/application (121.2ms)
  Rendered layouts/_navigation_links.html.erb (1.8ms)
  Rendered layouts/_nav_links_for_auth.html.erb (1.2ms)
  Rendered layouts/_navigation.html.erb (24.4ms)
  Rendered layouts/_messages.html.erb (1.0ms)
Completed 200 OK in 1122ms (Views: 999.2ms | ActiveRecord: 23.0ms)


Started DELETE "/users/5" for ::1 at 2021-10-13 13:25:11 +0300
Processing by UsersController#destroy as HTML
  Parameters: {"authenticity_token"=>"k2mzyA/QJfWAiewhQbwN2TNV9Wjn5MwWJ6C3xmNNCh/Nu5fXNIqs+2jq0uul2sUTHh1UPDm94cKBZxkxKX06Ow==", "id"=>"5"}
  [1m[36mUser Load (5.2ms)[0m  [1m[34mSELECT  "users".* FROM "users" WHERE "users"."id" = $1 ORDER BY "users"."id" ASC LIMIT $2[0m  [["id", 3], ["LIMIT", 1]]
  [1m[36mUser Load (5.6ms)[0m  [1m[34mSELECT  "users".* FROM "users" WHERE "users"."id" = $1 LIMIT $2[0m  [["id", 5], ["LIMIT", 1]]
  [1m[35m (3.0ms)[0m  [1m[34mSELECT COUNT(*) FROM "users"[0m
  [1m[36mRole Load (1.1ms)[0m  [1m[34mSELECT  "roles".* FROM "roles" WHERE "roles"."id" = $1 LIMIT $2[0m  [["id", 2], ["LIMIT", 1]]
Redirected to http://localhost:3000/users
Completed 302 Found in 30ms (ActiveRecord: 14.9ms)


Started GET "/users" for ::1 at 2021-10-13 13:25:12 +0300
Processing by UsersController#index as HTML
  [1m[36mUser Load (9.1ms)[0m  [1m[34mSELECT  "users".* FROM "users" WHERE "users"."id" = $1 ORDER BY "users"."id" ASC LIMIT $2[0m  [["id", 3], ["LIMIT", 1]]
  Rendering users/index.html.erb within layouts/application
  [1m[35m (0.8ms)[0m  [1m[34mSELECT COUNT(*) FROM "users"[0m
  [1m[36mUser Load (1.0ms)[0m  [1m[34mSELECT  "users".* FROM "users" ORDER BY "users"."id" ASC LIMIT $1 OFFSET $2[0m  [["LIMIT", 30], ["OFFSET", 0]]
  [1m[36mRole Load (0.7ms)[0m  [1m[34mSELECT  "roles".* FROM "roles" WHERE "roles"."id" = $1 LIMIT $2[0m  [["id", 2], ["LIMIT", 1]]
  [1m[36mCACHE Role Load (0.0ms)[0m  [1m[34mSELECT  "roles".* FROM "roles" WHERE "roles"."id" = $1 LIMIT $2[0m  [["id", 2], ["LIMIT", 1]]
  Rendered users/_user.html.erb (7.6ms)
  [1m[36mRole Load (0.9ms)[0m  [1m[34mSELECT  "roles".* FROM "roles" WHERE "roles"."id" = $1 LIMIT $2[0m  [["id", 1], ["LIMIT", 1]]
  Rendered users/_user.html.erb (3.1ms)
  Rendered users/index.html.erb within layouts/application (31.0ms)
  Rendered layouts/_navigation_links.html.erb (0.9ms)
  Rendered layouts/_nav_links_for_auth.html.erb (1.1ms)
  Rendered layouts/_navigation.html.erb (11.0ms)
  Rendered layouts/_messages.html.erb (1.0ms)
Completed 200 OK in 210ms (Views: 161.4ms | ActiveRecord: 12.5ms)


Started GET "/users" for ::1 at 2021-10-13 13:28:04 +0300
Processing by UsersController#index as HTML
  [1m[36mUser Load (0.6ms)[0m  [1m[34mSELECT  "users".* FROM "users" WHERE "users"."id" = $1 ORDER BY "users"."id" ASC LIMIT $2[0m  [["id", 3], ["LIMIT", 1]]
  Rendering users/index.html.erb within layouts/application
  [1m[35m (2.3ms)[0m  [1m[34mSELECT COUNT(*) FROM "users"[0m
  [1m[36mUser Load (1.6ms)[0m  [1m[34mSELECT  "users".* FROM "users" ORDER BY "users"."id" ASC LIMIT $1 OFFSET $2[0m  [["LIMIT", 30], ["OFFSET", 0]]
  [1m[36mRole Load (0.7ms)[0m  [1m[34mSELECT  "roles".* FROM "roles" WHERE "roles"."id" = $1 LIMIT $2[0m  [["id", 2], ["LIMIT", 1]]
  [1m[36mCACHE Role Load (0.0ms)[0m  [1m[34mSELECT  "roles".* FROM "roles" WHERE "roles"."id" = $1 LIMIT $2[0m  [["id", 2], ["LIMIT", 1]]
  Rendered users/_user.html.erb (30.9ms)
  [1m[36mRole Load (2.4ms)[0m  [1m[34mSELECT  "roles".* FROM "roles" WHERE "roles"."id" = $1 LIMIT $2[0m  [["id", 1], ["LIMIT", 1]]
  Rendered users/_user.html.erb (5.4ms)
  Rendered users/index.html.erb within layouts/application (59.7ms)
  Rendered layouts/_navigation_links.html.erb (2.7ms)
  Rendered layouts/_nav_links_for_auth.html.erb (1.3ms)
  Rendered layouts/_navigation.html.erb (18.6ms)
  Rendered layouts/_messages.html.erb (19.8ms)
Completed 200 OK in 325ms (Views: 259.0ms | ActiveRecord: 27.0ms)


Started DELETE "/users/5" for ::1 at 2021-10-13 13:28:10 +0300
Processing by UsersController#destroy as HTML
  Parameters: {"authenticity_token"=>"Rop1AFYpCJf5l2BGQ/BeT9ZJNijYux2UhveAu+IJLFYYWFEfbXOBmRH0XoynlpaF+wGXfAbiMEAgMC5MqDkccg==", "id"=>"5"}
  [1m[36mUser Load (0.8ms)[0m  [1m[34mSELECT  "users".* FROM "users" WHERE "users"."id" = $1 ORDER BY "users"."id" ASC LIMIT $2[0m  [["id", 3], ["LIMIT", 1]]
  [1m[36mUser Load (2.0ms)[0m  [1m[34mSELECT  "users".* FROM "users" WHERE "users"."id" = $1 LIMIT $2[0m  [["id", 5], ["LIMIT", 1]]
  [1m[35m (0.6ms)[0m  [1m[34mSELECT COUNT(*) FROM "users"[0m
  [1m[36mRole Load (0.5ms)[0m  [1m[34mSELECT  "roles".* FROM "roles" WHERE "roles"."id" = $1 LIMIT $2[0m  [["id", 2], ["LIMIT", 1]]
  [1m[35m (0.4ms)[0m  [1m[35mBEGIN[0m
  [1m[36mUser Destroy (14.1ms)[0m  [1m[31mDELETE FROM "users" WHERE "users"."id" = $1[0m  [["id", 5]]
  [1m[35m (4.4ms)[0m  [1m[35mCOMMIT[0m
Redirected to http://localhost:3000/users
Completed 302 Found in 164ms (ActiveRecord: 22.7ms)


Started GET "/users" for ::1 at 2021-10-13 13:28:10 +0300
Processing by UsersController#index as HTML
  [1m[36mUser Load (0.9ms)[0m  [1m[34mSELECT  "users".* FROM "users" WHERE "users"."id" = $1 ORDER BY "users"."id" ASC LIMIT $2[0m  [["id", 3], ["LIMIT", 1]]
  Rendering users/index.html.erb within layouts/application
  [1m[35m (0.9ms)[0m  [1m[34mSELECT COUNT(*) FROM "users"[0m
  [1m[36mUser Load (0.7ms)[0m  [1m[34mSELECT  "users".* FROM "users" ORDER BY "users"."id" ASC LIMIT $1 OFFSET $2[0m  [["LIMIT", 30], ["OFFSET", 0]]
  [1m[36mRole Load (0.4ms)[0m  [1m[34mSELECT  "roles".* FROM "roles" WHERE "roles"."id" = $1 LIMIT $2[0m  [["id", 2], ["LIMIT", 1]]
  [1m[36mCACHE Role Load (0.0ms)[0m  [1m[34mSELECT  "roles".* FROM "roles" WHERE "roles"."id" = $1 LIMIT $2[0m  [["id", 2], ["LIMIT", 1]]
  Rendered users/_user.html.erb (5.5ms)
  Rendered users/index.html.erb within layouts/application (21.8ms)
  Rendered layouts/_navigation_links.html.erb (2.0ms)
  Rendered layouts/_nav_links_for_auth.html.erb (3.6ms)
  Rendered layouts/_navigation.html.erb (17.8ms)
  Rendered layouts/_messages.html.erb (2.9ms)
Completed 200 OK in 183ms (Views: 159.5ms | ActiveRecord: 3.1ms)


Started DELETE "/users/3" for ::1 at 2021-10-13 13:28:16 +0300
Processing by UsersController#destroy as HTML
  Parameters: {"authenticity_token"=>"85JYj6MwX1qfWdgRNTmAoqbT46tw4ugqQ5/pr2BMdK2tQHyQmGrWVHc65tvRX0hoi5tC/667xf7lWEdYKnxEiQ==", "id"=>"3"}
  [1m[36mUser Load (3.2ms)[0m  [1m[34mSELECT  "users".* FROM "users" WHERE "users"."id" = $1 ORDER BY "users"."id" ASC LIMIT $2[0m  [["id", 3], ["LIMIT", 1]]
  [1m[36mUser Load (5.4ms)[0m  [1m[34mSELECT  "users".* FROM "users" WHERE "users"."id" = $1 LIMIT $2[0m  [["id", 3], ["LIMIT", 1]]
  [1m[35m (4.5ms)[0m  [1m[34mSELECT COUNT(*) FROM "users"[0m
Redirected to http://localhost:3000/users
Completed 302 Found in 31ms (ActiveRecord: 13.1ms)


Started GET "/users" for ::1 at 2021-10-13 13:28:16 +0300
Processing by UsersController#index as HTML
  [1m[36mUser Load (1.0ms)[0m  [1m[34mSELECT  "users".* FROM "users" WHERE "users"."id" = $1 ORDER BY "users"."id" ASC LIMIT $2[0m  [["id", 3], ["LIMIT", 1]]
  Rendering users/index.html.erb within layouts/application
  [1m[35m (0.8ms)[0m  [1m[34mSELECT COUNT(*) FROM "users"[0m
  [1m[36mUser Load (1.5ms)[0m  [1m[34mSELECT  "users".* FROM "users" ORDER BY "users"."id" ASC LIMIT $1 OFFSET $2[0m  [["LIMIT", 30], ["OFFSET", 0]]
  [1m[36mRole Load (0.8ms)[0m  [1m[34mSELECT  "roles".* FROM "roles" WHERE "roles"."id" = $1 LIMIT $2[0m  [["id", 2], ["LIMIT", 1]]
  [1m[36mCACHE Role Load (0.0ms)[0m  [1m[34mSELECT  "roles".* FROM "roles" WHERE "roles"."id" = $1 LIMIT $2[0m  [["id", 2], ["LIMIT", 1]]
  Rendered users/_user.html.erb (6.5ms)
  Rendered users/index.html.erb within layouts/application (21.1ms)
  Rendered layouts/_navigation_links.html.erb (1.2ms)
  Rendered layouts/_nav_links_for_auth.html.erb (1.3ms)
  Rendered layouts/_navigation.html.erb (12.7ms)
  Rendered layouts/_messages.html.erb (1.6ms)
Completed 200 OK in 222ms (Views: 196.2ms | ActiveRecord: 4.1ms)


  [1m[35m (0.3ms)[0m  [1m[35mBEGIN[0m
  [1m[36mRole Load (0.8ms)[0m  [1m[34mSELECT  "roles".* FROM "roles" WHERE "roles"."id" = $1 LIMIT $2[0m  [["id", 1], ["LIMIT", 1]]
  [1m[36mUser Exists (1.6ms)[0m  [1m[34mSELECT  1 AS one FROM "users" WHERE "users"."email" = $1 LIMIT $2[0m  [["email", "test@mail.ru"], ["LIMIT", 1]]
  [1m[36mUser Create (4.5ms)[0m  [1m[32mINSERT INTO "users" ("email", "encrypted_password", "created_at", "updated_at", "name", "role_id") VALUES ($1, $2, $3, $4, $5, $6) RETURNING "id"[0m  [["email", "test@mail.ru"], ["encrypted_password", "$2a$12$RUZ1Y56pYNDK1SbeGdOKjuYYwP8.4T2ioJAG0wqpXJv/a/Ib54qEq"], ["created_at", "2021-10-13 10:29:41.324857"], ["updated_at", "2021-10-13 10:29:41.324857"], ["name", ""], ["role_id", 1]]
  [1m[35m (2.7ms)[0m  [1m[35mCOMMIT[0m
  [1m[36mUser Load (3.8ms)[0m  [1m[34mSELECT  "users".* FROM "users" ORDER BY "users"."id" DESC LIMIT $1[0m  [["LIMIT", 1]]
  [1m[36mUser Load (1.4ms)[0m  [1m[34mSELECT  "users".* FROM "users" ORDER BY "users"."id" DESC LIMIT $1[0m  [["LIMIT", 1]]
  [1m[36mUser Load (1.3ms)[0m  [1m[34mSELECT  "users".* FROM "users" ORDER BY "users"."id" DESC LIMIT $1[0m  [["LIMIT", 1]]
  [1m[36mUser Load (1.5ms)[0m  [1m[34mSELECT  "users".* FROM "users" ORDER BY "users"."id" DESC LIMIT $1[0m  [["LIMIT", 1]]
  [1m[36mRole Load (1.7ms)[0m  [1m[34mSELECT  "roles".* FROM "roles" WHERE "roles"."id" = $1 LIMIT $2[0m  [["id", 1], ["LIMIT", 1]]
  [1m[35m (0.4ms)[0m  [1m[35mBEGIN[0m
  [1m[36mUser Exists (1.0ms)[0m  [1m[34mSELECT  1 AS one FROM "users" WHERE "users"."email" = $1 LIMIT $2[0m  [["email", "test1@mail.ru"], ["LIMIT", 1]]
  [1m[35m (1.5ms)[0m  [1m[31mROLLBACK[0m
  [1m[35m (0.3ms)[0m  [1m[35mBEGIN[0m
  [1m[36mUser Exists (1.1ms)[0m  [1m[34mSELECT  1 AS one FROM "users" WHERE "users"."email" = $1 LIMIT $2[0m  [["email", "test1@mail.ru"], ["LIMIT", 1]]
  [1m[35m (5.2ms)[0m  [1m[31mROLLBACK[0m
  [1m[35m (0.3ms)[0m  [1m[35mBEGIN[0m
  [1m[36mRole Load (1.3ms)[0m  [1m[34mSELECT  "roles".* FROM "roles" WHERE "roles"."id" = $1 LIMIT $2[0m  [["id", 1], ["LIMIT", 1]]
  [1m[36mUser Exists (2.9ms)[0m  [1m[34mSELECT  1 AS one FROM "users" WHERE "users"."email" = $1 LIMIT $2[0m  [["email", "test1@mail.ru"], ["LIMIT", 1]]
  [1m[36mUser Create (5.8ms)[0m  [1m[32mINSERT INTO "users" ("email", "encrypted_password", "created_at", "updated_at", "name", "role_id") VALUES ($1, $2, $3, $4, $5, $6) RETURNING "id"[0m  [["email", "test1@mail.ru"], ["encrypted_password", "$2a$12$ts1002Aud.x9w0pa/vX/VOqbi7ghoYXxKA39Mmf5BcIsQQ413uLDq"], ["created_at", "2021-10-13 11:01:53.379316"], ["updated_at", "2021-10-13 11:01:53.379316"], ["name", ""], ["role_id", 1]]
  [1m[35m (3.9ms)[0m  [1m[35mCOMMIT[0m
  [1m[35m (0.3ms)[0m  [1m[35mBEGIN[0m
  [1m[36mUser Exists (1.6ms)[0m  [1m[34mSELECT  1 AS one FROM "users" WHERE "users"."email" = $1 LIMIT $2[0m  [["email", "test2@mail.ru"], ["LIMIT", 1]]
  [1m[35m (1.9ms)[0m  [1m[31mROLLBACK[0m
  [1m[35m (0.4ms)[0m  [1m[35mBEGIN[0m
  [1m[36mUser Exists (0.7ms)[0m  [1m[34mSELECT  1 AS one FROM "users" WHERE "users"."email" = $1 LIMIT $2[0m  [["email", "test2@mail.ru"], ["LIMIT", 1]]
  [1m[35m (6.1ms)[0m  [1m[31mROLLBACK[0m
  [1m[35m (0.4ms)[0m  [1m[35mBEGIN[0m
  [1m[36mUser Exists (2.5ms)[0m  [1m[34mSELECT  1 AS one FROM "users" WHERE "users"."email" = $1 LIMIT $2[0m  [["email", "test2@mail.ru"], ["LIMIT", 1]]
  [1m[35m (0.6ms)[0m  [1m[31mROLLBACK[0m
  [1m[35m (0.3ms)[0m  [1m[35mBEGIN[0m
  [1m[36mUser Exists (2.2ms)[0m  [1m[34mSELECT  1 AS one FROM "users" WHERE "users"."email" = $1 LIMIT $2[0m  [["email", "test2@mail.ru"], ["LIMIT", 1]]
  [1m[35m (0.7ms)[0m  [1m[31mROLLBACK[0m
  [1m[36mUser Load (1.3ms)[0m  [1m[34mSELECT  "users".* FROM "users" ORDER BY "users"."id" ASC LIMIT $1[0m  [["LIMIT", 1]]
  [1m[36mRole Load (2.4ms)[0m  [1m[34mSELECT  "roles".* FROM "roles" WHERE "roles"."id" = $1 LIMIT $2[0m  [["id", 2], ["LIMIT", 1]]
  [1m[35m (0.4ms)[0m  [1m[35mBEGIN[0m
  [1m[36mRole Load (0.9ms)[0m  [1m[34mSELECT  "roles".* FROM "roles" WHERE "roles"."name" = $1 LIMIT $2[0m  [["name", "registered"], ["LIMIT", 1]]
  [1m[36mUser Exists (1.5ms)[0m  [1m[34mSELECT  1 AS one FROM "users" WHERE "users"."email" = $1 LIMIT $2[0m  [["email", "test2@mail.ru"], ["LIMIT", 1]]
  [1m[35m (0.9ms)[0m  [1m[31mROLLBACK[0m
  [1m[35m (0.4ms)[0m  [1m[35mBEGIN[0m
  [1m[36mRole Load (1.2ms)[0m  [1m[34mSELECT  "roles".* FROM "roles" WHERE "roles"."name" = $1 LIMIT $2[0m  [["name", "registered"], ["LIMIT", 1]]
  [1m[36mUser Exists (1.1ms)[0m  [1m[34mSELECT  1 AS one FROM "users" WHERE "users"."email" = $1 LIMIT $2[0m  [["email", "test2@mail.ru"], ["LIMIT", 1]]
  [1m[35m (0.7ms)[0m  [1m[31mROLLBACK[0m
  [1m[35m (0.3ms)[0m  [1m[35mBEGIN[0m
  [1m[36mRole Load (5.1ms)[0m  [1m[34mSELECT  "roles".* FROM "roles" WHERE "roles"."name" = $1 LIMIT $2[0m  [["name", "registered"], ["LIMIT", 1]]
  [1m[36mUser Exists (2.3ms)[0m  [1m[34mSELECT  1 AS one FROM "users" WHERE "users"."email" = $1 LIMIT $2[0m  [["email", "test3@mail.ru"], ["LIMIT", 1]]
  [1m[35m (5.5ms)[0m  [1m[31mROLLBACK[0m
  [1m[35m (0.4ms)[0m  [1m[35mBEGIN[0m
  [1m[36mUser Exists (1.7ms)[0m  [1m[34mSELECT  1 AS one FROM "users" WHERE "users"."email" = $1 LIMIT $2[0m  [["email", "test3@mail.ru"], ["LIMIT", 1]]
  [1m[35m (0.5ms)[0m  [1m[31mROLLBACK[0m
  [1m[35m (0.4ms)[0m  [1m[35mBEGIN[0m
  [1m[36mUser Exists (1.6ms)[0m  [1m[34mSELECT  1 AS one FROM "users" WHERE "users"."email" = $1 LIMIT $2[0m  [["email", "test3@mail.ru"], ["LIMIT", 1]]
  [1m[35m (0.8ms)[0m  [1m[31mROLLBACK[0m
  [1m[35m (0.4ms)[0m  [1m[35mBEGIN[0m
  [1m[36mRole Load (0.8ms)[0m  [1m[34mSELECT  "roles".* FROM "roles" WHERE "roles"."name" = $1 LIMIT $2[0m  [["name", "registered"], ["LIMIT", 1]]
  [1m[36mRole Load (0.5ms)[0m  [1m[34mSELECT  "roles".* FROM "roles" WHERE "roles"."id" = $1 LIMIT $2[0m  [["id", 1], ["LIMIT", 1]]
  [1m[36mUser Exists (1.2ms)[0m  [1m[34mSELECT  1 AS one FROM "users" WHERE "users"."email" = $1 LIMIT $2[0m  [["email", "test3@mail.ru"], ["LIMIT", 1]]
  [1m[36mUser Create (7.0ms)[0m  [1m[32mINSERT INTO "users" ("email", "encrypted_password", "created_at", "updated_at", "name", "role_id") VALUES ($1, $2, $3, $4, $5, $6) RETURNING "id"[0m  [["email", "test3@mail.ru"], ["encrypted_password", "$2a$12$H1yMfBVlcCKJ0c55CczjLuutxOp00DsNFkJz/BaIJQpVy7oQGbsse"], ["created_at", "2021-10-13 11:16:47.113314"], ["updated_at", "2021-10-13 11:16:47.113314"], ["name", ""], ["role_id", 1]]
  [1m[35m (4.6ms)[0m  [1m[35mCOMMIT[0m
Started GET "/users" for ::1 at 2021-10-13 14:21:04 +0300
  [1m[35m (5.4ms)[0m  [1m[34mSELECT "schema_migrations"."version" FROM "schema_migrations" ORDER BY "schema_migrations"."version" ASC[0m
Processing by UsersController#index as HTML
  [1m[36mUser Load (2.2ms)[0m  [1m[34mSELECT  "users".* FROM "users" WHERE "users"."id" = $1 ORDER BY "users"."id" ASC LIMIT $2[0m  [["id", 3], ["LIMIT", 1]]
  Rendering users/index.html.erb within layouts/application
  [1m[35m (0.8ms)[0m  [1m[34mSELECT COUNT(*) FROM "users"[0m
  [1m[36mUser Load (0.6ms)[0m  [1m[34mSELECT  "users".* FROM "users" ORDER BY "users"."id" ASC LIMIT $1 OFFSET $2[0m  [["LIMIT", 30], ["OFFSET", 0]]
  [1m[36mRole Load (0.7ms)[0m  [1m[34mSELECT  "roles".* FROM "roles" WHERE "roles"."id" = $1 LIMIT $2[0m  [["id", 2], ["LIMIT", 1]]
  [1m[36mCACHE Role Load (0.0ms)[0m  [1m[34mSELECT  "roles".* FROM "roles" WHERE "roles"."id" = $1 LIMIT $2[0m  [["id", 2], ["LIMIT", 1]]
  Rendered users/_user.html.erb (57.7ms)
  [1m[36mRole Load (2.0ms)[0m  [1m[34mSELECT  "roles".* FROM "roles" WHERE "roles"."id" = $1 LIMIT $2[0m  [["id", 1], ["LIMIT", 1]]
  Rendered users/_user.html.erb (4.4ms)
  [1m[36mCACHE Role Load (0.0ms)[0m  [1m[34mSELECT  "roles".* FROM "roles" WHERE "roles"."id" = $1 LIMIT $2[0m  [["id", 1], ["LIMIT", 1]]
  Rendered users/_user.html.erb (2.9ms)
  [1m[36mCACHE Role Load (0.0ms)[0m  [1m[34mSELECT  "roles".* FROM "roles" WHERE "roles"."id" = $1 LIMIT $2[0m  [["id", 1], ["LIMIT", 1]]
  Rendered users/_user.html.erb (1.9ms)
  Rendered users/index.html.erb within layouts/application (133.1ms)
  Rendered layouts/_navigation_links.html.erb (1.5ms)
  Rendered layouts/_nav_links_for_auth.html.erb (1.7ms)
  Rendered layouts/_navigation.html.erb (100.4ms)
  Rendered layouts/_messages.html.erb (1.2ms)
Completed 200 OK in 1549ms (Views: 1465.2ms | ActiveRecord: 23.9ms)


Started DELETE "/users/8" for ::1 at 2021-10-13 14:21:16 +0300
Processing by UsersController#destroy as HTML
  Parameters: {"authenticity_token"=>"9TKoZhT8i1rPbzr3KZu4JRWqmybwS8yWFoL534jONhWr4Ix5L6YCVCcMBD3N/XDvOOI6ci4S4UKwRVcowv4GMQ==", "id"=>"8"}
  [1m[36mUser Load (0.8ms)[0m  [1m[34mSELECT  "users".* FROM "users" WHERE "users"."id" = $1 ORDER BY "users"."id" ASC LIMIT $2[0m  [["id", 3], ["LIMIT", 1]]
  [1m[36mUser Load (2.4ms)[0m  [1m[34mSELECT  "users".* FROM "users" WHERE "users"."id" = $1 LIMIT $2[0m  [["id", 8], ["LIMIT", 1]]
  [1m[35m (2.5ms)[0m  [1m[34mSELECT COUNT(*) FROM "users"[0m
  [1m[36mRole Load (1.8ms)[0m  [1m[34mSELECT  "roles".* FROM "roles" WHERE "roles"."id" = $1 LIMIT $2[0m  [["id", 1], ["LIMIT", 1]]
  [1m[35m (1.7ms)[0m  [1m[35mBEGIN[0m
  [1m[36mUser Destroy (13.9ms)[0m  [1m[31mDELETE FROM "users" WHERE "users"."id" = $1[0m  [["id", 8]]
  [1m[35m (11.9ms)[0m  [1m[35mCOMMIT[0m
Redirected to http://localhost:3000/users
Completed 302 Found in 55ms (ActiveRecord: 35.0ms)


Started GET "/users" for ::1 at 2021-10-13 14:21:16 +0300
Processing by UsersController#index as HTML
  [1m[36mUser Load (0.7ms)[0m  [1m[34mSELECT  "users".* FROM "users" WHERE "users"."id" = $1 ORDER BY "users"."id" ASC LIMIT $2[0m  [["id", 3], ["LIMIT", 1]]
  Rendering users/index.html.erb within layouts/application
  [1m[35m (2.3ms)[0m  [1m[34mSELECT COUNT(*) FROM "users"[0m
  [1m[36mUser Load (0.7ms)[0m  [1m[34mSELECT  "users".* FROM "users" ORDER BY "users"."id" ASC LIMIT $1 OFFSET $2[0m  [["LIMIT", 30], ["OFFSET", 0]]
  [1m[36mRole Load (0.8ms)[0m  [1m[34mSELECT  "roles".* FROM "roles" WHERE "roles"."id" = $1 LIMIT $2[0m  [["id", 2], ["LIMIT", 1]]
  [1m[36mCACHE Role Load (0.0ms)[0m  [1m[34mSELECT  "roles".* FROM "roles" WHERE "roles"."id" = $1 LIMIT $2[0m  [["id", 2], ["LIMIT", 1]]
  Rendered users/_user.html.erb (9.2ms)
  [1m[36mRole Load (0.9ms)[0m  [1m[34mSELECT  "roles".* FROM "roles" WHERE "roles"."id" = $1 LIMIT $2[0m  [["id", 1], ["LIMIT", 1]]
  Rendered users/_user.html.erb (25.2ms)
  [1m[36mCACHE Role Load (0.0ms)[0m  [1m[34mSELECT  "roles".* FROM "roles" WHERE "roles"."id" = $1 LIMIT $2[0m  [["id", 1], ["LIMIT", 1]]
  Rendered users/_user.html.erb (2.2ms)
  Rendered users/index.html.erb within layouts/application (67.7ms)
  Rendered layouts/_navigation_links.html.erb (1.2ms)
  Rendered layouts/_nav_links_for_auth.html.erb (0.7ms)
  Rendered layouts/_navigation.html.erb (15.1ms)
  Rendered layouts/_messages.html.erb (1.0ms)
Completed 200 OK in 252ms (Views: 230.5ms | ActiveRecord: 5.5ms)


Started DELETE "/users/7" for ::1 at 2021-10-13 14:21:38 +0300
Processing by UsersController#destroy as HTML
  Parameters: {"authenticity_token"=>"CUaqoUVVQSOTXSsZlkamQ7uWoWXM7p9bIubykw91NYhXlI6+fg/ILXs+FdNyIG6Jlt4AMRK3so+EIVxkRUUFrA==", "id"=>"7"}
  [1m[36mUser Load (5.7ms)[0m  [1m[34mSELECT  "users".* FROM "users" WHERE "users"."id" = $1 ORDER BY "users"."id" ASC LIMIT $2[0m  [["id", 3], ["LIMIT", 1]]
  [1m[36mUser Load (5.6ms)[0m  [1m[34mSELECT  "users".* FROM "users" WHERE "users"."id" = $1 LIMIT $2[0m  [["id", 7], ["LIMIT", 1]]
  [1m[35m (8.7ms)[0m  [1m[34mSELECT COUNT(*) FROM "users"[0m
  [1m[36mRole Load (2.6ms)[0m  [1m[34mSELECT  "roles".* FROM "roles" WHERE "roles"."id" = $1 LIMIT $2[0m  [["id", 1], ["LIMIT", 1]]
  [1m[35m (4.0ms)[0m  [1m[35mBEGIN[0m
  [1m[36mUser Destroy (5.9ms)[0m  [1m[31mDELETE FROM "users" WHERE "users"."id" = $1[0m  [["id", 7]]
  [1m[35m (9.6ms)[0m  [1m[35mCOMMIT[0m
Redirected to http://localhost:3000/users
Completed 302 Found in 60ms (ActiveRecord: 42.1ms)


Started GET "/users" for ::1 at 2021-10-13 14:21:39 +0300
Processing by UsersController#index as HTML
  [1m[36mUser Load (0.8ms)[0m  [1m[34mSELECT  "users".* FROM "users" WHERE "users"."id" = $1 ORDER BY "users"."id" ASC LIMIT $2[0m  [["id", 3], ["LIMIT", 1]]
  Rendering users/index.html.erb within layouts/application
  [1m[35m (0.9ms)[0m  [1m[34mSELECT COUNT(*) FROM "users"[0m
  [1m[36mUser Load (2.6ms)[0m  [1m[34mSELECT  "users".* FROM "users" ORDER BY "users"."id" ASC LIMIT $1 OFFSET $2[0m  [["LIMIT", 30], ["OFFSET", 0]]
  [1m[36mRole Load (1.0ms)[0m  [1m[34mSELECT  "roles".* FROM "roles" WHERE "roles"."id" = $1 LIMIT $2[0m  [["id", 2], ["LIMIT", 1]]
  [1m[36mCACHE Role Load (0.1ms)[0m  [1m[34mSELECT  "roles".* FROM "roles" WHERE "roles"."id" = $1 LIMIT $2[0m  [["id", 2], ["LIMIT", 1]]
  Rendered users/_user.html.erb (13.1ms)
  [1m[36mRole Load (0.7ms)[0m  [1m[34mSELECT  "roles".* FROM "roles" WHERE "roles"."id" = $1 LIMIT $2[0m  [["id", 1], ["LIMIT", 1]]
  Rendered users/_user.html.erb (2.8ms)
  Rendered users/index.html.erb within layouts/application (43.9ms)
  Rendered layouts/_navigation_links.html.erb (5.5ms)
  Rendered layouts/_nav_links_for_auth.html.erb (1.5ms)
  Rendered layouts/_navigation.html.erb (25.2ms)
  Rendered layouts/_messages.html.erb (1.0ms)
Completed 200 OK in 230ms (Views: 213.6ms | ActiveRecord: 6.1ms)


Started DELETE "/users/6" for ::1 at 2021-10-13 14:21:43 +0300
Processing by UsersController#destroy as HTML
  Parameters: {"authenticity_token"=>"K8x5pTSCRdt+Dx4NeYeDgbGGCJsrtX/KfavANhKm7MB1Hl26D9jM1ZZsIMed4UtLnM6pz/XsUh7bbG7BWJbc5A==", "id"=>"6"}
  [1m[36mUser Load (11.8ms)[0m  [1m[34mSELECT  "users".* FROM "users" WHERE "users"."id" = $1 ORDER BY "users"."id" ASC LIMIT $2[0m  [["id", 3], ["LIMIT", 1]]
  [1m[36mUser Load (2.3ms)[0m  [1m[34mSELECT  "users".* FROM "users" WHERE "users"."id" = $1 LIMIT $2[0m  [["id", 6], ["LIMIT", 1]]
  [1m[35m (3.4ms)[0m  [1m[34mSELECT COUNT(*) FROM "users"[0m
  [1m[36mRole Load (16.5ms)[0m  [1m[34mSELECT  "roles".* FROM "roles" WHERE "roles"."id" = $1 LIMIT $2[0m  [["id", 1], ["LIMIT", 1]]
  [1m[35m (6.8ms)[0m  [1m[35mBEGIN[0m
  [1m[36mUser Destroy (2.2ms)[0m  [1m[31mDELETE FROM "users" WHERE "users"."id" = $1[0m  [["id", 6]]
  [1m[35m (10.0ms)[0m  [1m[35mCOMMIT[0m
Redirected to http://localhost:3000/users
Completed 302 Found in 82ms (ActiveRecord: 53.1ms)


Started GET "/users" for ::1 at 2021-10-13 14:21:43 +0300
Processing by UsersController#index as HTML
  [1m[36mUser Load (2.2ms)[0m  [1m[34mSELECT  "users".* FROM "users" WHERE "users"."id" = $1 ORDER BY "users"."id" ASC LIMIT $2[0m  [["id", 3], ["LIMIT", 1]]
  Rendering users/index.html.erb within layouts/application
  [1m[35m (1.3ms)[0m  [1m[34mSELECT COUNT(*) FROM "users"[0m
  [1m[36mUser Load (2.5ms)[0m  [1m[34mSELECT  "users".* FROM "users" ORDER BY "users"."id" ASC LIMIT $1 OFFSET $2[0m  [["LIMIT", 30], ["OFFSET", 0]]
  [1m[36mRole Load (2.6ms)[0m  [1m[34mSELECT  "roles".* FROM "roles" WHERE "roles"."id" = $1 LIMIT $2[0m  [["id", 2], ["LIMIT", 1]]
  [1m[36mCACHE Role Load (0.0ms)[0m  [1m[34mSELECT  "roles".* FROM "roles" WHERE "roles"."id" = $1 LIMIT $2[0m  [["id", 2], ["LIMIT", 1]]
  Rendered users/_user.html.erb (7.5ms)
  Rendered users/index.html.erb within layouts/application (24.6ms)
  Rendered layouts/_navigation_links.html.erb (1.0ms)
  Rendered layouts/_nav_links_for_auth.html.erb (5.0ms)
  Rendered layouts/_navigation.html.erb (30.1ms)
  Rendered layouts/_messages.html.erb (1.0ms)
Completed 200 OK in 223ms (Views: 204.8ms | ActiveRecord: 8.6ms)


Started DELETE "/users/3" for ::1 at 2021-10-13 14:21:46 +0300
Processing by UsersController#destroy as HTML
  Parameters: {"authenticity_token"=>"TKelTuEeUJrpLz0lGTkvHV/Ajhl+Q4boZKW4Qh37D8cSdYFR2kTZlAFMA+/9X+fXcogvTaAaqzzCYha1V8s/4w==", "id"=>"3"}
  [1m[36mUser Load (4.3ms)[0m  [1m[34mSELECT  "users".* FROM "users" WHERE "users"."id" = $1 ORDER BY "users"."id" ASC LIMIT $2[0m  [["id", 3], ["LIMIT", 1]]
  [1m[36mUser Load (7.3ms)[0m  [1m[34mSELECT  "users".* FROM "users" WHERE "users"."id" = $1 LIMIT $2[0m  [["id", 3], ["LIMIT", 1]]
  [1m[35m (5.7ms)[0m  [1m[34mSELECT COUNT(*) FROM "users"[0m
Redirected to http://localhost:3000/users
Completed 302 Found in 32ms (ActiveRecord: 17.3ms)


Started GET "/users" for ::1 at 2021-10-13 14:21:46 +0300
Processing by UsersController#index as HTML
  [1m[36mUser Load (7.1ms)[0m  [1m[34mSELECT  "users".* FROM "users" WHERE "users"."id" = $1 ORDER BY "users"."id" ASC LIMIT $2[0m  [["id", 3], ["LIMIT", 1]]
  Rendering users/index.html.erb within layouts/application
  [1m[35m (0.9ms)[0m  [1m[34mSELECT COUNT(*) FROM "users"[0m
  [1m[36mUser Load (9.0ms)[0m  [1m[34mSELECT  "users".* FROM "users" ORDER BY "users"."id" ASC LIMIT $1 OFFSET $2[0m  [["LIMIT", 30], ["OFFSET", 0]]
  [1m[36mRole Load (4.4ms)[0m  [1m[34mSELECT  "roles".* FROM "roles" WHERE "roles"."id" = $1 LIMIT $2[0m  [["id", 2], ["LIMIT", 1]]
  [1m[36mCACHE Role Load (0.0ms)[0m  [1m[34mSELECT  "roles".* FROM "roles" WHERE "roles"."id" = $1 LIMIT $2[0m  [["id", 2], ["LIMIT", 1]]
  Rendered users/_user.html.erb (10.4ms)
  Rendered users/index.html.erb within layouts/application (38.5ms)
  Rendered layouts/_navigation_links.html.erb (1.2ms)
  Rendered layouts/_nav_links_for_auth.html.erb (1.1ms)
  Rendered layouts/_navigation.html.erb (10.9ms)
  Rendered layouts/_messages.html.erb (1.0ms)
Completed 200 OK in 229ms (Views: 192.5ms | ActiveRecord: 21.5ms)


Started DELETE "/users/sign_out" for ::1 at 2021-10-13 14:21:54 +0300
Processing by Devise::SessionsController#destroy as HTML
  Parameters: {"authenticity_token"=>"nHs44o9hK+qtgvXRgEABfNfKcGxOGAd9slyL8eE1qCTCqRz9tDui5EXhyxtkJsm2+oLROJBBKqkUmyUGqwWYAA=="}
  [1m[36mUser Load (1.9ms)[0m  [1m[34mSELECT  "users".* FROM "users" WHERE "users"."id" = $1 ORDER BY "users"."id" ASC LIMIT $2[0m  [["id", 3], ["LIMIT", 1]]
  [1m[35m (2.0ms)[0m  [1m[35mBEGIN[0m
  [1m[35m (6.1ms)[0m  [1m[35mCOMMIT[0m
Redirected to http://localhost:3000/
Completed 302 Found in 216ms (ActiveRecord: 10.0ms)


Started GET "/" for ::1 at 2021-10-13 14:21:54 +0300
Processing by VisitorsController#index as HTML
Completed 401 Unauthorized in 4ms (ActiveRecord: 0.0ms)


Started GET "/users/sign_in" for ::1 at 2021-10-13 14:21:54 +0300
Processing by Devise::SessionsController#new as HTML
  Rendering devise/sessions/new.html.erb within layouts/application
  Rendered devise/shared/_error_messages.html.erb (2.0ms)
  Rendered devise/sessions/_form.html.erb (51.5ms)
  Rendered devise/shared/_links.html.erb (1.8ms)
  Rendered devise/sessions/new.html.erb within layouts/application (68.3ms)
  Rendered layouts/_messages.html.erb (1.7ms)
Completed 200 OK in 193ms (Views: 188.9ms | ActiveRecord: 0.0ms)


